<?xml version="1.0" encoding="UTF-8"?>
<!-- Generated by org.testng.reporters.JUnitReportReporter -->
<testsuite hostname="DESKTOP-E8QHBQ5" failures="0" tests="1" name="Alert.alertUser" time="7.676" errors="0" timestamp="2023-03-30T18:47:03 IST" skipped="0">
  <testcase classname="Alert.alertUser" name="Method" time="7.676"/>
  <system-out/>
</testsuite> <!-- Alert.alertUser -->
