<?xml version="1.0" encoding="UTF-8"?>
<!-- Generated by org.testng.reporters.JUnitReportReporter -->
<testsuite hostname="DESKTOP-E8QHBQ5" failures="0" tests="1" name="selniumproject.Dbatuonline_form" time="2.527" errors="0" timestamp="2022-11-15T08:41:15 IST" skipped="0">
  <testcase classname="selniumproject.Dbatuonline_form" name="m1" time="2.527"/>
  <system-out/>
</testsuite> <!-- selniumproject.Dbatuonline_form -->
