<?xml version="1.0" encoding="UTF-8"?>
<!-- Generated by org.testng.reporters.JUnitReportReporter -->
<testsuite hostname="DESKTOP-E8QHBQ5" failures="0" tests="1" name="Autosation.selenium_search" time="10.322" errors="0" timestamp="2022-12-18T17:30:17 IST" skipped="0">
  <testcase classname="Autosation.selenium_search" name="autosuggestion" time="10.322"/>
  <system-out/>
</testsuite> <!-- Autosation.selenium_search -->
