<?xml version="1.0" encoding="UTF-8"?>
<!-- Generated by org.testng.reporters.JUnitReportReporter -->
<testsuite hostname="DESKTOP-E8QHBQ5" failures="0" tests="1" name="selniumelement.mulitplebrowser" time="27.036" errors="0" timestamp="2022-12-09T01:10:08 IST" skipped="0">
  <testcase classname="selniumelement.mulitplebrowser" name="openMultipletabs" time="27.036"/>
  <system-out/>
</testsuite> <!-- selniumelement.mulitplebrowser -->
