<?xml version="1.0" encoding="UTF-8"?>
<!-- Generated by org.testng.reporters.JUnitReportReporter -->
<testsuite hostname="DESKTOP-E8QHBQ5" failures="0" tests="1" name="WindoHandel.windosHandle" time="0.012" errors="0" timestamp="2022-12-13T14:32:00 IST" skipped="0">
  <testcase classname="WindoHandel.windosHandle" name="Fcebook" time="0.012"/>
  <system-out/>
</testsuite> <!-- WindoHandel.windosHandle -->
